****************************************START********************************************
Scenario1
Publish-Overwrite previous deployment-ON(Staging)
StartTime:11:32:04 PM
RDP Connection:- NO

-----Test Passed-----

EndTime:11:42:42 PM
 
*****************************************END*********************************************
****************************************START********************************************
Scenario1
Publish-Overwrite previous deployment-ON(Staging)
StartTime:2:04:29 AM
RDP Connection:- NO

-----Test Passed-----

EndTime:2:15:12 AM
 
*****************************************END*********************************************
****************************************START********************************************
Scenario7
Session Affinity
StartTime:3:02:49 AM

-----Emulator Test Passed-----

EndTime:3:10:51 AM
 
*****************************************END*********************************************
****************************************START********************************************
Scenario12
SessionAffinity-SSL Offloading
StartTime:3:13:00 AM
RDP Connection:- NO

-----Test Failed-----

EndTime:3:30:43 AM
 
*****************************************END*********************************************
****************************************START********************************************
Scenario8
Caching
StartTime:3:32:16 AM
RDP Connection:- NO

-----Test Passed-----

EndTime:3:46:12 AM
 
*****************************************END*********************************************
****************************************START********************************************
Scenario11
ACS
StartTime:3:47:01 AM
RDP Connection:- NO

-----Test Failed-----

EndTime:3:58:36 AM
 
*****************************************END*********************************************
****************************************START********************************************
Scenario14
ACS-SSL Offloading-SessionAffinity
StartTime:4:10:42 AM

------Cannot Open Eclipse!--------
----Test Failed----
EndTime:4:12:30 AM
 
*****************************************END*********************************************
****************************************START********************************************
Scenario15
ACS-Session Affinity
StartTime:5:11:54 AM
RDP Connection:- NO

-----Test Failed-----

EndTime:5:26:13 AM
 
*****************************************END*********************************************
****************************************START********************************************
Scenario15
ACS-Session Affinity
StartTime:5:31:48 AM

------Cannot Open Eclipse!--------
----Test Failed----
EndTime:5:33:07 AM
 
*****************************************END*********************************************
****************************************START********************************************
Scenario15
ACS-Session Affinity
StartTime:5:33:54 AM
RDP Connection:- NO

-----Test Failed-----

EndTime:5:49:07 AM
 
*****************************************END*********************************************
